Seconds:     1472.49
Seconds:     1472.97
Seconds:     1472.74
Seconds:     1472.74
Seconds:     1473
Seconds:     1472.84
Seconds:     1472.8
Seconds:     1472.77
Seconds:     1472.78
Seconds:     1472.79
Seconds:     1472.78
Seconds:     1472.79
Seconds:     1472.7
Seconds:     1473.14
Seconds:     1473.15
Seconds:     1473.2
Seconds:     1472.93
Seconds:     1472.92
Seconds:     1472.88
Seconds:     1473.28
Seconds:     1473.22
Seconds:     1472.87
Seconds:     1472.99
Seconds:     1473.11
Seconds:     1473.09
Seconds:     1473.05
Seconds:     1473.12
Seconds:     1473.09
Seconds:     1473.42
Seconds:     1473.18
Seconds:     1473.47
Seconds:     1473.47
Seconds:     1473.75
Seconds:     1473.79
Seconds:     1473.91
Seconds:     1473.84
Seconds:     1473.89
Seconds:     1474.27
Seconds:     1476.82
Seconds:     1476.88
Seconds:     1476.43
Seconds:     1476.43
Seconds:     1476.43
Seconds:     1479.45
Seconds:     1483.09
Seconds:     1483.09
Seconds:     1484.76
Seconds:     1484.76
Seconds:     1487.56
Seconds:     1487.55
Seconds:     1487.55
Seconds:     1487.56
Seconds:     1490.81
Seconds:     1490.78
Seconds:     1490.77
Seconds:     1490.78
Seconds:     1490.78
Seconds:     1490.83
Seconds:     1490.83
Seconds:     1490.83
Seconds:     1491.06
Seconds:     1491.46
Seconds:     1491.06
Seconds:     1491.06
Seconds:     1528.33
Seconds:     1528.18
Seconds:     1528.25
Seconds:     1528.29
Seconds:     1528.36
Seconds:     1528.18
Seconds:     1528.23
Seconds:     1528.28
Seconds:     1528.32
Seconds:     1528.36
Seconds:     1528.37
Seconds:     1528.31
Seconds:     1528.47
Seconds:     1528.54
Seconds:     1528.59
Seconds:     1528.62
Seconds:     1528.58
Seconds:     1528.65
Seconds:     1528.78
Seconds:     1528.71
Seconds:     1529.3
Seconds:     1529.28
Seconds:     1541.84
Seconds:     1542.74
Seconds:     1546.11
Seconds:     1546.11
Seconds:     1546.08
Seconds:     1553.13
Seconds:     1553.15
Seconds:     1553.19
Seconds:     1598.74
Seconds:     1598.73
Seconds:     1754.83
Seconds:     1754.85
Seconds:     1755.01
Seconds:     1754.94
Seconds:     1754.96
Seconds:     1754.97
Seconds:     1755.16
Seconds:     1755.02
Seconds:     1755.04
Seconds:     1755.06
Seconds:     1755.11
Seconds:     1755.12
Seconds:     1755.24
Seconds:     1755.11
Seconds:     1755.12
Seconds:     1755.12
Seconds:     1755.21
Seconds:     1755.3
Seconds:     1755.2
Seconds:     1755.44
Seconds:     1755.49
Seconds:     1756.21
Seconds:     1756.23
Seconds:     1756.68
Seconds:     1756.67
Seconds:     1783.68
Seconds:     1783.56
Using OpenMP and MPI the following values were obtained: 
The min value of a call using a stochastic method is: 0.080039
The max value of a call using a stochastic method is: 10.4502
The min value of a put using a stochastic method is: 0.079539
The max value of a put using a stochastic method is: 5.57341
The min value of a call using the monte carlo method is: 0.0796486
The max value of a call using the monte carlo method is: 10.5014
The min value of a put using the monte carlo method is: 0.0791093
The max value of a put using the monte carlo method is: 5.60483
Seconds:     1783.87
Seconds:     1783.78
Seconds:     1783.84
Seconds:     1783.68
Seconds:     1783.72
