Seconds:     3716.63
Seconds:     3716.9
Seconds:     3716.96
Seconds:     3716.97
Seconds:     3717.26
Seconds:     3717.16
Seconds:     3717.12
Seconds:     3717.1
Seconds:     3717.09
Seconds:     3717.32
Seconds:     3717.34
Seconds:     3717.64
Seconds:     3717.58
Seconds:     3717.62
Seconds:     3717.82
Seconds:     3718.14
Seconds:     3718.25
Seconds:     3718.08
Seconds:     3718.25
Seconds:     3718.25
Seconds:     3718.37
Seconds:     3718.39
Seconds:     3718.85
Seconds:     3718.77
Seconds:     3719.02
Seconds:     3719.02
Seconds:     3719.12
Seconds:     3719.35
Seconds:     3719.46
Seconds:     3719.83
Seconds:     3725.34
Seconds:     3751.38
Seconds:     3751.41
Seconds:     3760.47
Seconds:     3760.57
Seconds:     3766.3
Seconds:     3772.7
Seconds:     3772.63
Seconds:     3772.63
Seconds:     3775.11
Seconds:     3775.05
Seconds:     3775.11
Seconds:     3775.47
Seconds:     3775.62
Seconds:     3775.57
The min value of a call using a stochastic method is: 0.080039
The max value of a call using a stochastic method is: 10.4505
The min value of a put using a stochastic method is: 0.079539
The max value of a put using a stochastic method is: 5.57349
The min value of a call using the monte carlo method is: 0.0798139
The max value of a call using the monte carlo method is: 10.4971
The min value of a put using the monte carlo method is: 0.0792929
The max value of a put using the monte carlo method is: 5.59988
Seconds:     4636.69
Seconds:     4636.53
Seconds:     4636.51
