Seconds:     1997.68
Seconds:     1997.76
Seconds:     1997.81
Seconds:     1997.91
Seconds:     1997.94
Seconds:     1998.16
Seconds:     1998.15
Seconds:     1998.16
Seconds:     1999.34
Seconds:     1998.48
Seconds:     1999.29
Seconds:     1999.35
Seconds:     1999.39
Seconds:     2000.03
Seconds:     2000.1
Seconds:     2000.34
Seconds:     1999.25
Seconds:     2000.48
Seconds:     1999.54
Seconds:     1999.48
Seconds:     1999.47
Seconds:     1999.47
Seconds:     2000.72
Seconds:     2000.45
Seconds:     1999.72
Seconds:     2000.87
Seconds:     1999.5
Seconds:     2000.64
Seconds:     1999.61
Seconds:     1999.82
Seconds:     1999.68
Seconds:     1999.77
Seconds:     1999.82
Seconds:     1999.96
Seconds:     1999.97
Seconds:     1999.84
Seconds:     1999.9
Seconds:     2001.28
Seconds:     2000.14
Seconds:     2000.04
Seconds:     2001.4
Seconds:     2001.14
Seconds:     2001.14
Seconds:     2000.4
Seconds:     2000.38
Seconds:     2000.45
Seconds:     2000.4
Seconds:     2000.39
Seconds:     2000.39
Seconds:     2001.61
Seconds:     2001.6
Seconds:     2001.6
Seconds:     2000.46
Seconds:     2001.98
Seconds:     2001.99
Seconds:     2002.05
Seconds:     2002.05
Seconds:     2001.71
Seconds:     2002.21
Seconds:     2002.17
Seconds:     2002.27
Seconds:     2002.24
Seconds:     2000.99
Seconds:     2002.4
Seconds:     2001.65
Seconds:     2001.61
Seconds:     2001.64
Seconds:     2003.27
Seconds:     2002.02
Seconds:     2002.74
Seconds:     2002.67
Seconds:     2005.03
Seconds:     2005.02
Seconds:     2004.98
Seconds:     2005.46
Seconds:     2005.46
Seconds:     2005.51
Seconds:     2007.45
Seconds:     2007.61
Seconds:     2008.72
Seconds:     2008.63
Seconds:     2015.93
Seconds:     2015.92
Seconds:     2016
Seconds:     2017.53
Seconds:     2017.49
Seconds:     2017.49
Seconds:     2018.69
Seconds:     2018.66
Seconds:     2021.03
Seconds:     2019.84
Seconds:     2031.64
Seconds:     2031.72
The min value of a call using a stochastic method is: 0.080039
The max value of a call using a stochastic method is: 10.4502
The min value of a put using a stochastic method is: 0.079539
The max value of a put using a stochastic method is: 5.57341
The min value of a call using the monte carlo method is: 0.0796608
The max value of a call using the monte carlo method is: 10.4909
The min value of a put using the monte carlo method is: 0.0791424
The max value of a put using the monte carlo method is: 5.60228
Seconds:     2403.28
Seconds:     2403.29
Seconds:     2402.49
