Seconds:     1191.8
Seconds:     1191.56
Seconds:     1191.67
Seconds:     1191.85
Seconds:     1191.88
Seconds:     1191.83
Seconds:     1191.85
Seconds:     1191.94
Seconds:     1192.2
Seconds:     1192.86
Seconds:     1192.61
Seconds:     1192.61
Seconds:     1192.83
Seconds:     1192.67
Seconds:     1192.84
Seconds:     1192.74
Seconds:     1192.86
Seconds:     1192.81
Seconds:     1192.78
Seconds:     1192.78
Seconds:     1192.79
Seconds:     1193.17
Seconds:     1193.26
Seconds:     1193.18
Seconds:     1193.18
Seconds:     1193.2
Seconds:     1193.41
Seconds:     1193.25
Seconds:     1193.3
Seconds:     1193.35
Seconds:     1193.42
Seconds:     1193.44
Seconds:     1193.82
Seconds:     1193.59
Seconds:     1193.57
Seconds:     1193.85
Seconds:     1193.93
Seconds:     1193.8
Seconds:     1193.93
Seconds:     1194
Seconds:     1193.92
Seconds:     1194.11
Seconds:     1193.93
Seconds:     1193.88
Seconds:     1193.98
Seconds:     1194.02
Seconds:     1194.29
Seconds:     1194
Seconds:     1194.08
Seconds:     1194.12
Seconds:     1194.27
Seconds:     1194.32
Seconds:     1194.34
Seconds:     1194.32
Seconds:     1194.6
Seconds:     1194.5
Seconds:     1194.7
Seconds:     1194.59
Seconds:     1194.73
Seconds:     1194.8
Seconds:     1194.82
Seconds:     1194.77
Seconds:     1194.77
Seconds:     1195.09
Seconds:     1194.81
Seconds:     1194.97
Seconds:     1195.1
Seconds:     1195.08
Seconds:     1195.09
Seconds:     1195.09
Seconds:     1195.24
Seconds:     1195.29
Seconds:     1195.4
Seconds:     1195.31
Seconds:     1195.41
Seconds:     1195.54
Seconds:     1195.37
Seconds:     1195.51
Seconds:     1195.59
Seconds:     1195.56
Seconds:     1195.56
Seconds:     1195.32
Seconds:     1195.82
Seconds:     1195.61
Seconds:     1195.97
Seconds:     1195.83
Seconds:     1195.52
Seconds:     1195.66
Seconds:     1195.73
Seconds:     1196.07
Seconds:     1196.11
Seconds:     1196.43
Seconds:     1196.18
Seconds:     1196.27
Seconds:     1196.56
Seconds:     1196.65
Seconds:     1196.61
Seconds:     1196.67
Seconds:     1196.6
Seconds:     1196.88
Seconds:     1196.46
Seconds:     1196.64
Seconds:     1196.74
Seconds:     1196.74
Seconds:     1197.29
Seconds:     1197.66
Seconds:     1197.66
Seconds:     1197.85
Seconds:     1198.06
Seconds:     1198.02
Seconds:     1198.38
Seconds:     1199.92
Seconds:     1199.91
Seconds:     1199.94
Seconds:     1200.35
Seconds:     1200.25
Seconds:     1200.32
Seconds:     1200.3
Seconds:     1202.67
Seconds:     1202.33
Seconds:     1202.35
Seconds:     1205.03
Seconds:     1205.02
Seconds:     1207.81
Seconds:     1208.79
Seconds:     1209.17
Seconds:     1209.83
Seconds:     1210.29
Seconds:     1210.29
Seconds:     1210.25
Seconds:     1210.26
Seconds:     1211.18
Seconds:     1211.24
Seconds:     1211.19
Seconds:     1211.21
Seconds:     1211.66
Seconds:     1211.92
Seconds:     1213.21
Seconds:     1213.29
Seconds:     1213.44
Seconds:     1213.46
Seconds:     1213.61
Seconds:     1433
Seconds:     1433
Seconds:     1433
Seconds:     1433
Seconds:     1433.43
Seconds:     1433.37
Seconds:     1433.37
Seconds:     1433.4
Seconds:     1433.88
Seconds:     1434.18
Seconds:     1433.85
Seconds:     1434.2
Seconds:     1433.94
Seconds:     1434.7
Seconds:     1434.62
The min value of a call using a stochastic method is: 0.080039
The max value of a call using a stochastic method is: 10.4506
The min value of a put using a stochastic method is: 0.079539
The max value of a put using a stochastic method is: 5.57352
The min value of a call using the monte carlo method is: 0.0802285
The max value of a call using the monte carlo method is: 10.512
The min value of a put using the monte carlo method is: 0.0793087
The max value of a put using the monte carlo method is: 5.60214
Seconds:     1434.65
Seconds:     1434.68
Seconds:     1434.69
