Seconds:     6015.74
Seconds:     6015.97
Seconds:     6016.05
Seconds:     6016.06
Seconds:     6016.11
Seconds:     6016.57
Seconds:     6016.7
Seconds:     6017.07
Seconds:     6017.05
Seconds:     6017.21
Seconds:     6020.27
Seconds:     6020.33
Seconds:     6020.31
Seconds:     6020.37
Seconds:     6020.39
Seconds:     6020.41
Seconds:     6020.59
Seconds:     6020.59
Seconds:     6021.63
Seconds:     6021.63
Seconds:     6029.32
Seconds:     6030.5
Seconds:     6038.78
Seconds:     6038.76
Seconds:     6058.75
Seconds:     6059.17
Seconds:     6059.16
Seconds:     6150.1
The min value of a call using a stochastic method is: 0.080039
The max value of a call using a stochastic method is: 10.4506
The min value of a put using a stochastic method is: 0.079539
The max value of a put using a stochastic method is: 5.57352
The min value of a call using the monte carlo method is: 0.079924
The max value of a call using the monte carlo method is: 10.4966
The min value of a put using the monte carlo method is: 0.0796432
The max value of a put using the monte carlo method is: 5.59966
Seconds:     6832.63
Seconds:     6832.66
Seconds:     6832.62
Seconds:     6832.62
