Seconds:     1608.93
Seconds:     1608.98
Seconds:     1609.1
Seconds:     1610.69
Seconds:     1610.73
Seconds:     1610.76
Seconds:     1610.78
Seconds:     1610.79
Seconds:     1609.42
Seconds:     1609.55
Seconds:     1607.59
Seconds:     1610.99
Seconds:     1607.66
Seconds:     1611.1
Seconds:     1607.83
Seconds:     1607.85
Seconds:     1607.85
Seconds:     1607.86
Seconds:     1611.48
Seconds:     1608.19
Seconds:     1608.2
Seconds:     1608.25
Seconds:     1609.45
Seconds:     1609.42
Seconds:     1609.41
Seconds:     1610.32
Seconds:     1609.68
Seconds:     1609.61
Seconds:     1609.72
Seconds:     1612
Seconds:     1609.85
Seconds:     1612.92
Seconds:     1610.03
Seconds:     1609.98
Seconds:     1612.27
Seconds:     1612.47
Seconds:     1610.18
Seconds:     1612.44
Seconds:     1612.5
Seconds:     1612.68
Seconds:     1612.66
Seconds:     1614.2
Seconds:     1612.75
Seconds:     1614.3
Seconds:     1612.78
Seconds:     1608.82
Seconds:     1613.04
Seconds:     1613.01
Seconds:     1613.02
Seconds:     1609.01
Seconds:     1611.66
Seconds:     1609.04
Seconds:     1609.02
Seconds:     1609.07
Seconds:     1613.29
Seconds:     1609.19
Seconds:     1609.56
Seconds:     1611.92
Seconds:     1611.88
Seconds:     1614.38
Seconds:     1614.37
Seconds:     1611.38
Seconds:     1628.41
Seconds:     1626.9
Seconds:     1626.93
Seconds:     1626.91
Seconds:     1632.94
Seconds:     1632.91
Seconds:     1632.94
Seconds:     1634.5
Seconds:     1634.5
Seconds:     1633.58
Seconds:     1633.66
Seconds:     1635.55
Seconds:     1635.54
Seconds:     1632.31
Seconds:     1633.5
Seconds:     1633.46
Seconds:     1632.4
Seconds:     1632.4
Seconds:     1634.7
Seconds:     1634.59
Seconds:     1634.65
Seconds:     1632.8
Seconds:     1632.77
Seconds:     1632.8
Seconds:     1636.51
Seconds:     1636.5
Seconds:     1636.57
Seconds:     1635.02
Seconds:     1635.05
Seconds:     1633.93
Seconds:     1637.41
Seconds:     1637.45
Seconds:     1637.4
Seconds:     1638.35
Seconds:     1638.38
Seconds:     1638.37
Seconds:     1634.25
Seconds:     1634.25
Seconds:     1636.26
Seconds:     1634.26
Seconds:     1638.67
Seconds:     1636.84
Seconds:     1638.18
Seconds:     1638.19
Seconds:     1638.21
The min value of a call using a stochastic method is: 0.080039
The max value of a call using a stochastic method is: 10.4502
The min value of a put using a stochastic method is: 0.079539
The max value of a put using a stochastic method is: 5.57341
The min value of a call using the monte carlo method is: 0.0796827
The max value of a call using the monte carlo method is: 10.4943
The min value of a put using the monte carlo method is: 0.0792207
The max value of a put using the monte carlo method is: 5.60322
Seconds:     2006.37
Seconds:     2006.41
Seconds:     2007.11
Seconds:     2007.45
Seconds:     2004.93
