Seconds:     1502.99
Seconds:     1503.18
Seconds:     1503.48
Seconds:     1503.39
Seconds:     1503.46
Seconds:     1503.41
Seconds:     1503.51
Seconds:     1503.42
Seconds:     1503.67
Seconds:     1503.69
Seconds:     1503.67
Seconds:     1503.74
Seconds:     1503.92
Seconds:     1504.06
Seconds:     1504.14
Seconds:     1504.09
Seconds:     1504.18
Seconds:     1503.3
Seconds:     1504.47
Seconds:     1504.48
Seconds:     1503.49
Seconds:     1504.64
Seconds:     1503.56
Seconds:     1504.91
Seconds:     1504.92
Seconds:     1504.98
Seconds:     1505.04
Seconds:     1505.07
Seconds:     1505.13
Seconds:     1504.95
Seconds:     1505.05
Seconds:     1505.19
Seconds:     1504.07
Seconds:     1505.12
Seconds:     1505.26
Seconds:     1505.23
Seconds:     1505.36
Seconds:     1505.44
Seconds:     1505.31
Seconds:     1505.44
Seconds:     1505.55
Seconds:     1505.45
Seconds:     1505.52
Seconds:     1504.46
Seconds:     1505.52
Seconds:     1505.5
Seconds:     1505.51
Seconds:     1505.53
Seconds:     1504.38
Seconds:     1505.69
Seconds:     1505.73
Seconds:     1505.41
Seconds:     1506.03
Seconds:     1506.22
Seconds:     1505.7
Seconds:     1505.9
Seconds:     1506.41
Seconds:     1506.44
Seconds:     1506.01
Seconds:     1506.42
Seconds:     1506.68
Seconds:     1506.62
Seconds:     1506.69
Seconds:     1506.93
Seconds:     1506.85
Seconds:     1506.95
Seconds:     1507.09
Seconds:     1507.14
Seconds:     1507.21
Seconds:     1509.55
Seconds:     1509.54
Seconds:     1509.53
Seconds:     1509.8
Seconds:     1509.75
Seconds:     1509.77
Seconds:     1517.22
Seconds:     1517.22
Seconds:     1517.18
Seconds:     1517.47
Seconds:     1517.39
Seconds:     1517.4
Seconds:     1517.28
Seconds:     1517.39
Seconds:     1517.42
Seconds:     1517.43
Seconds:     1517.43
Seconds:     1517.45
Seconds:     1517.55
Seconds:     1517.56
Seconds:     1517.66
Seconds:     1517.75
Seconds:     1518.21
Seconds:     1518.54
Seconds:     1518.61
Seconds:     1523.12
Seconds:     1523.2
Seconds:     1524.88
Seconds:     1524.86
Seconds:     1525.1
Seconds:     1525.01
Seconds:     1525.23
Seconds:     1525.36
Seconds:     1525.38
Seconds:     1525.36
Seconds:     1528.22
Seconds:     1528.31
Seconds:     1529.39
Seconds:     1529.44
Seconds:     1529.56
Seconds:     1529.51
Seconds:     1529.47
Seconds:     1529.58
Seconds:     1528.8
Seconds:     1528.86
Seconds:     1528.8
Seconds:     1530.36
Seconds:     1530.39
Seconds:     1530.45
Seconds:     1530.94
Seconds:     1531.09
Seconds:     1530.92
Seconds:     1540.89
Seconds:     1540.89
Seconds:     1809.04
Seconds:     1811.29
The min value of a call using a stochastic method is: 0.080039
The max value of a call using a stochastic method is: 10.4502
The min value of a put using a stochastic method is: 0.079539
The max value of a put using a stochastic method is: 5.57341
The min value of a call using the monte carlo method is: 0.079613
The max value of a call using the monte carlo method is: 10.5015
The min value of a put using the monte carlo method is: 0.0792422
The max value of a put using the monte carlo method is: 5.60185
Seconds:     1811.65
Seconds:     1810.46
Seconds:     1809.52
