Seconds:     1615.54
Seconds:     1615.77
Seconds:     1616.1
Seconds:     1615.89
Seconds:     1616.12
Seconds:     1616.18
Seconds:     1616.03
Seconds:     1616.07
Seconds:     1616.11
Seconds:     1616.29
Seconds:     1616.09
Seconds:     1616.28
Seconds:     1616.32
Seconds:     1616.49
Seconds:     1616.4
Seconds:     1616.68
Seconds:     1616.79
Seconds:     1616.59
Seconds:     1616.65
Seconds:     1616.77
Seconds:     1617
Seconds:     1617.21
Seconds:     1617.12
Seconds:     1617.27
Seconds:     1617.22
Seconds:     1617.34
Seconds:     1617.36
Seconds:     1617.64
Seconds:     1617.64
Seconds:     1617.64
Seconds:     1617.63
Seconds:     1617.82
Seconds:     1617.86
Seconds:     1618.15
Seconds:     1618.23
Seconds:     1618.16
Seconds:     1618.34
Seconds:     1618.24
Seconds:     1618.39
Seconds:     1618.49
Seconds:     1618.34
Seconds:     1618.56
Seconds:     1618.62
Seconds:     1618.52
Seconds:     1618.59
Seconds:     1618.64
Seconds:     1618.67
Seconds:     1618.51
Seconds:     1618.68
Seconds:     1618.63
Seconds:     1618.81
Seconds:     1618.82
Seconds:     1618.8
Seconds:     1618.88
Seconds:     1619.11
Seconds:     1619.05
Seconds:     1619.1
Seconds:     1619.1
Seconds:     1619.11
Seconds:     1619.27
Seconds:     1619.51
Seconds:     1619.87
Seconds:     1626.45
Seconds:     1626.62
Seconds:     1627.44
Seconds:     1628.19
Seconds:     1628.1
Seconds:     1632.03
Seconds:     1632.15
Seconds:     1632.63
Seconds:     1632.69
Seconds:     1634.86
Seconds:     1634.86
Seconds:     1634.79
Seconds:     1634.86
Seconds:     1639.44
Seconds:     1639.47
Seconds:     1639.71
Seconds:     1639.79
Seconds:     1640.31
Seconds:     1640.34
Seconds:     1641.47
Seconds:     1641.33
Seconds:     1642.2
Seconds:     1642.22
Seconds:     1642.2
Seconds:     1642.3
Seconds:     1645.85
Seconds:     1645.8
Seconds:     1645.88
Seconds:     1645.89
Seconds:     1645.9
Seconds:     1646.96
Seconds:     1646.89
Seconds:     1646.87
Seconds:     1651.39
Seconds:     1651.41
Seconds:     1652.06
Seconds:     1652.13
Seconds:     1652.54
Seconds:     1655.39
Seconds:     1656.09
Seconds:     1656.09
Seconds:     1656.41
Seconds:     1656.41
Seconds:     1657.7
Seconds:     1657.86
Seconds:     1657.79
Seconds:     1657.73
Using OpenMP and MPI the following values were obtained: 
The min value of a call using a stochastic method is: 0.080039
The max value of a call using a stochastic method is: 10.4502
The min value of a put using a stochastic method is: 0.079539
The max value of a put using a stochastic method is: 5.57341
The min value of a call using the monte carlo method is: 0.0795591
The max value of a call using the monte carlo method is: 10.4993
The min value of a put using the monte carlo method is: 0.0790382
The max value of a put using the monte carlo method is: 5.60404
Seconds:     1658.53
Seconds:     1658.56
Seconds:     1658.65
