Seconds:     606.433
Seconds:     606.627
Seconds:     606.587
Seconds:     606.638
Seconds:     606.743
Seconds:     606.798
Seconds:     606.798
Seconds:     606.841
Seconds:     606.848
Seconds:     606.928
Seconds:     606.92
Seconds:     607.043
Seconds:     607.042
Seconds:     607.172
Seconds:     606.968
Seconds:     606.991
Seconds:     607.222
Seconds:     607.06
Seconds:     607.139
Seconds:     607.261
Seconds:     607.201
Seconds:     607.444
Seconds:     607.585
Seconds:     607.717
Seconds:     607.485
Seconds:     607.555
Seconds:     607.565
Seconds:     607.623
Seconds:     607.596
Seconds:     607.776
Seconds:     607.64
Seconds:     607.721
Seconds:     607.717
Seconds:     607.867
Seconds:     607.9
Seconds:     607.934
Seconds:     607.96
Seconds:     608.058
Seconds:     608.099
Seconds:     608.099
Seconds:     608.24
Seconds:     608.241
Seconds:     608.283
Seconds:     608.283
Seconds:     608.488
Seconds:     608.628
Seconds:     608.718
Seconds:     608.807
Seconds:     608.807
Seconds:     608.839
Seconds:     608.874
Seconds:     609.06
Seconds:     608.91
Seconds:     609.347
Seconds:     609.316
Seconds:     609.658
Seconds:     608.982
Seconds:     609.045
Seconds:     608.997
Seconds:     609.434
Seconds:     609.556
Seconds:     608.811
Seconds:     609.698
Seconds:     609.873
Seconds:     609.28
Seconds:     609.29
Seconds:     609.895
Seconds:     609.941
Seconds:     609.682
Seconds:     609.09
Seconds:     610.19
Seconds:     610.219
Seconds:     609.754
Seconds:     610.127
Seconds:     610.444
Seconds:     610.368
Seconds:     609.534
Seconds:     610.038
Seconds:     609.974
Seconds:     610.158
Seconds:     610.453
Seconds:     610.42
Seconds:     610.006
Seconds:     610.302
Seconds:     610.534
Seconds:     610.388
Seconds:     610.518
Seconds:     610.613
Seconds:     610.316
Seconds:     610.447
Seconds:     610.664
Seconds:     610.8
Seconds:     610.783
Seconds:     610.847
Seconds:     610.846
Seconds:     611.156
Seconds:     610.872
Seconds:     611.149
Seconds:     610.799
Seconds:     611.157
Seconds:     611.265
Seconds:     611.341
Seconds:     611.414
Seconds:     611.092
Seconds:     610.577
Seconds:     611.199
Seconds:     611.116
Seconds:     610.615
Seconds:     611.589
Seconds:     611.532
Seconds:     611.473
Seconds:     610.699
Seconds:     611.718
Seconds:     611.778
Seconds:     611.354
Seconds:     611.566
Seconds:     610.854
Seconds:     612.044
Seconds:     611.853
Seconds:     611.852
Seconds:     612.576
Seconds:     612.699
Seconds:     612.307
Seconds:     612.468
Seconds:     612.307
Seconds:     614.342
Seconds:     614.175
Seconds:     614.359
Seconds:     614.083
Seconds:     614.083
Seconds:     613.997
Seconds:     614.681
Seconds:     614.826
Seconds:     614.687
Seconds:     614.726
Seconds:     614.7
Seconds:     615.026
Seconds:     615.003
Seconds:     615.009
Seconds:     615.025
Seconds:     616.482
Seconds:     616.516
Seconds:     616.575
Seconds:     616.575
Seconds:     616.789
Seconds:     616.335
Seconds:     616.806
Seconds:     617.261
Seconds:     617.153
Seconds:     617.106
Seconds:     617.55
Seconds:     618.002
Seconds:     621.455
Seconds:     621.498
Seconds:     621.533
Seconds:     624.28
Seconds:     623.711
Seconds:     624.171
Seconds:     699.321
Seconds:     700.195
Seconds:     699.921
Seconds:     700.235
Seconds:     700.323
Seconds:     700.224
Seconds:     700.297
Seconds:     699.672
Seconds:     700.579
Seconds:     700.64
Seconds:     700.454
Seconds:     700.676
Seconds:     700.592
Seconds:     699.936
Seconds:     700.881
Seconds:     700.733
Seconds:     700.733
Seconds:     700.543
Seconds:     700.488
Seconds:     700.823
Seconds:     700.857
Seconds:     700.878
Seconds:     701.312
Seconds:     701.606
Seconds:     700.789
Seconds:     701.657
Seconds:     701.819
Seconds:     701.622
Seconds:     701.331
Seconds:     701.448
Seconds:     701.897
Seconds:     701.798
Seconds:     701.597
Seconds:     701.898
Seconds:     701.735
Seconds:     701.888
Seconds:     701.457
Seconds:     701.532
Seconds:     702.27
Seconds:     701.552
Seconds:     702.27
Seconds:     702.148
Seconds:     702.07
Seconds:     702.266
Seconds:     702.488
Seconds:     702.462
Seconds:     702.634
Seconds:     702.152
Seconds:     702.501
Seconds:     701.887
Seconds:     701.886
Seconds:     702.346
Seconds:     702.722
Seconds:     702.634
Seconds:     702.519
Seconds:     702.176
Seconds:     703.048
Seconds:     702.982
Seconds:     703.022
Seconds:     703.024
Seconds:     703.472
Seconds:     703.364
Seconds:     702.567
Seconds:     703.256
Seconds:     703.434
Seconds:     703.503
Seconds:     703.504
Seconds:     703.428
Seconds:     703.428
Seconds:     703.541
Seconds:     703.49
Seconds:     703.533
Seconds:     703.086
Seconds:     703.395
Seconds:     703.427
Seconds:     703.61
Seconds:     703.591
Seconds:     703.748
Seconds:     703.308
Seconds:     703.638
Seconds:     703.575
Seconds:     703.338
Seconds:     704.046
Seconds:     704.069
Seconds:     704.138
Seconds:     703.446
Seconds:     703.497
Seconds:     704.003
Seconds:     704.162
Seconds:     703.406
Seconds:     704.369
Seconds:     704.136
Seconds:     704.347
Seconds:     703.507
Seconds:     703.832
Seconds:     704.167
Seconds:     704.342
Seconds:     704.67
Seconds:     704.664
Seconds:     704.829
Seconds:     704.853
Seconds:     704.853
Seconds:     704.274
Seconds:     704.963
Seconds:     704.353
Seconds:     705.1
Seconds:     705.239
Seconds:     705.149
Seconds:     705.947
Seconds:     706.018
Seconds:     705.378
Seconds:     705.512
Seconds:     705.861
Seconds:     706.076
Seconds:     706.042
Seconds:     706.274
Seconds:     706.737
Seconds:     706.911
Seconds:     707.271
Seconds:     707.707
Seconds:     707.255
Seconds:     710.659
Seconds:     710.68
Seconds:     710.859
Seconds:     710.702
Seconds:     711.063
Seconds:     710.997
Seconds:     711.971
Seconds:     712.09
Seconds:     711.78
Seconds:     712.246
Seconds:     712.551
Seconds:     712.353
Seconds:     712.353
Seconds:     712.17
Seconds:     711.84
Seconds:     712.476
Seconds:     712.557
Seconds:     714.121
Seconds:     713.206
Seconds:     714.399
Seconds:     714.836
Seconds:     714.682
Seconds:     714.653
Seconds:     715.058
Seconds:     715.177
Seconds:     715.72
Seconds:     715.697
Seconds:     716.026
Seconds:     715.777
Seconds:     716.117
Seconds:     732.462
Seconds:     732.393
Seconds:     734.779
Seconds:     734.997
Seconds:     734.804
Seconds:     736.282
Using OpenMP and MPI the following values were obtained: 
The min value of a call using a stochastic method is: 0.080039
The max value of a call using a stochastic method is: 10.4506
The min value of a put using a stochastic method is: 0.079539
The max value of a put using a stochastic method is: 5.57352
The min value of a call using the monte carlo method is: 0.0799916
The max value of a call using the monte carlo method is: 10.4967
The min value of a put using the monte carlo method is: 0.0794716
The max value of a put using the monte carlo method is: 5.60034
Seconds:     736.118
Seconds:     736.253
Seconds:     735.87
Seconds:     735.887
Seconds:     735.496
