Seconds:     564.169
Seconds:     564.193
Seconds:     564.278
Seconds:     564.195
Seconds:     564.271
Seconds:     564.428
Seconds:     564.333
Seconds:     564.522
Seconds:     564.575
Seconds:     564.477
Seconds:     565.115
Seconds:     564.637
Seconds:     564.959
Seconds:     564.642
Seconds:     564.962
Seconds:     564.674
Seconds:     565.078
Seconds:     564.678
Seconds:     564.855
Seconds:     564.926
Seconds:     565.118
Seconds:     564.881
Seconds:     565.082
Seconds:     565.502
Seconds:     565.56
Seconds:     565.666
Seconds:     565.572
Seconds:     565.572
Seconds:     565.563
Seconds:     565.435
Seconds:     565.554
Seconds:     565.444
Seconds:     565.766
Seconds:     565.472
Seconds:     564.715
Seconds:     565.975
Seconds:     564.847
Seconds:     564.884
Seconds:     564.895
Seconds:     564.948
Seconds:     565.027
Seconds:     565.259
Seconds:     565.272
Seconds:     565.186
Seconds:     565.401
Seconds:     565.553
Seconds:     565.501
Seconds:     565.632
Seconds:     565.714
Seconds:     565.674
Seconds:     565.596
Seconds:     565.737
Seconds:     565.711
Seconds:     565.784
Seconds:     565.785
Seconds:     566.037
Seconds:     565.895
Seconds:     566.025
Seconds:     565.918
Seconds:     565.993
Seconds:     566.025
Seconds:     566.03
Seconds:     566.032
Seconds:     566.161
Seconds:     565.983
Seconds:     566.021
Seconds:     566.029
Seconds:     566.036
Seconds:     566.152
Seconds:     566.122
Seconds:     566.783
Seconds:     566.721
Seconds:     566.747
Seconds:     566.572
Seconds:     566.775
Seconds:     566.422
Seconds:     566.463
Seconds:     566.987
Seconds:     566.995
Seconds:     566.931
Seconds:     566.99
Seconds:     567.062
Seconds:     567.081
Seconds:     567.068
Seconds:     567.075
Seconds:     567.206
Seconds:     567.181
Seconds:     567.727
Seconds:     567.667
Seconds:     567.77
Seconds:     567.74
Seconds:     567.817
Seconds:     567.882
Seconds:     568.018
Seconds:     567.999
Seconds:     568.196
Seconds:     568.286
Seconds:     568.356
Seconds:     568.378
Seconds:     568.462
Seconds:     568.58
Seconds:     568.66
Seconds:     568.609
Seconds:     568.726
Seconds:     569.28
Seconds:     569.217
Seconds:     569.383
Seconds:     569.427
Seconds:     569.362
Seconds:     569.363
Seconds:     570.91
Seconds:     570.972
Seconds:     571.29
Seconds:     571.223
Seconds:     572.337
Seconds:     572.489
Seconds:     572.496
Seconds:     574.221
Seconds:     574.112
Seconds:     574.22
Seconds:     574.22
Seconds:     574.601
Seconds:     573.689
Seconds:     573.68
Seconds:     573.651
Seconds:     573.721
Seconds:     574.331
Seconds:     574.32
Seconds:     574.006
Seconds:     573.972
Seconds:     574.068
Seconds:     574.518
Seconds:     574.747
Seconds:     574.762
Seconds:     574.966
Seconds:     575.403
Seconds:     576.379
Seconds:     576.539
Seconds:     576.547
Seconds:     576.569
Seconds:     576.659
Seconds:     576.643
Seconds:     576.752
Seconds:     576.732
Seconds:     576.829
Seconds:     585.357
Seconds:     585.519
Seconds:     585.685
Seconds:     585.745
Seconds:     585.852
Seconds:     585.792
Seconds:     585.792
Seconds:     585.837
Seconds:     585.659
Seconds:     585.837
Seconds:     585.614
Seconds:     585.772
Seconds:     585.762
Seconds:     586.219
Seconds:     586.166
Seconds:     586.009
Seconds:     585.946
Seconds:     586.366
Seconds:     586.068
Seconds:     586.455
Seconds:     586.183
Seconds:     586.216
Seconds:     586.122
Seconds:     586.166
Seconds:     586.223
Seconds:     586.251
Seconds:     586.53
Seconds:     586.516
Seconds:     586.387
Seconds:     586.745
Seconds:     586.513
Seconds:     586.47
Seconds:     586.471
Seconds:     586.933
Seconds:     586.785
Seconds:     586.8
Seconds:     586.617
Seconds:     586.801
Seconds:     587.098
Seconds:     587.291
Seconds:     587.435
Seconds:     587.69
Seconds:     587.409
Seconds:     587.639
Seconds:     587.856
Seconds:     587.654
Seconds:     587.908
Seconds:     588.001
Seconds:     589.191
Seconds:     589.086
Seconds:     589.181
Seconds:     589.157
Seconds:     591.598
Seconds:     591.756
Seconds:     592.108
Seconds:     591.824
Seconds:     591.812
Seconds:     599.882
Seconds:     600.161
Seconds:     600.229
Seconds:     600.783
Seconds:     600.807
Seconds:     600.926
Seconds:     600.906
Seconds:     600.955
Seconds:     601.017
Seconds:     600.505
Seconds:     600.503
Seconds:     600.511
Seconds:     600.505
Seconds:     601.039
Seconds:     601.29
Seconds:     601.403
Seconds:     601.449
Seconds:     601.563
Seconds:     601.542
Seconds:     601.54
Seconds:     601.481
Seconds:     601.511
Seconds:     601.514
Seconds:     602.423
Seconds:     602.447
Seconds:     606.151
Seconds:     605.923
Seconds:     606.326
Seconds:     606.048
Seconds:     606.308
Seconds:     606.237
Seconds:     606.456
Seconds:     606.46
Seconds:     606.141
Seconds:     606.261
Seconds:     606.079
Seconds:     606.094
Seconds:     606.331
Seconds:     606.377
Seconds:     606.402
Seconds:     606.445
Seconds:     606.623
Seconds:     606.497
Seconds:     606.701
Seconds:     606.406
Seconds:     606.685
Seconds:     606.563
Seconds:     606.597
Seconds:     606.614
Seconds:     606.586
Seconds:     607.586
Seconds:     607.887
Seconds:     607.685
Seconds:     608.582
Seconds:     609.09
Seconds:     609.047
Seconds:     607.623
Seconds:     607.828
Seconds:     610.051
Seconds:     610.058
Seconds:     610.042
Seconds:     611.593
Seconds:     617.101
Seconds:     617.202
Seconds:     617.613
Seconds:     665.158
Seconds:     665.146
Seconds:     665.123
Seconds:     665.506
Seconds:     665.407
Seconds:     694.57
Seconds:     694.656
Seconds:     694.904
Seconds:     694.546
Seconds:     694.612
Seconds:     694.727
Seconds:     694.838
Seconds:     695.081
Seconds:     694.643
Seconds:     694.643
Seconds:     694.809
Seconds:     694.749
Seconds:     695.077
Seconds:     695
Seconds:     695.302
Seconds:     695.11
Seconds:     695.147
Seconds:     695.069
Seconds:     695.258
Seconds:     696.532
Seconds:     702.045
Seconds:     701.748
Seconds:     702.08
Seconds:     701.966
Seconds:     701.811
Seconds:     702.236
Seconds:     702.329
Seconds:     702.692
Seconds:     703.014
Seconds:     703.14
Seconds:     703.001
Seconds:     703.089
Seconds:     703.036
Seconds:     703.982
Seconds:     702.545
Seconds:     704.371
Seconds:     705.145
Seconds:     705.023
Seconds:     704.992
Seconds:     704.16
Seconds:     705.169
Seconds:     705.34
Seconds:     705.597
Seconds:     788.519
The min value of a call using a stochastic method is: 0.080039
The max value of a call using a stochastic method is: 10.4506
The min value of a put using a stochastic method is: 0.079539
The max value of a put using a stochastic method is: 5.57352
The min value of a call using the monte carlo method is: 0.0802213
The max value of a call using the monte carlo method is: 10.4928
The min value of a put using the monte carlo method is: 0.079386
The max value of a put using the monte carlo method is: 5.60737
Seconds:     788.396
Seconds:     788.709
Seconds:     788.41
Seconds:     788.71
