Seconds:     2325.68
Seconds:     2325.8
Seconds:     2325.84
Seconds:     2325.87
Seconds:     2325.92
Seconds:     2325.89
Seconds:     2325.93
Seconds:     2325.92
Seconds:     2326.82
Seconds:     2326.94
Seconds:     2326.94
Seconds:     2326.95
Seconds:     2328.98
Seconds:     2335.94
Seconds:     2335.95
Seconds:     2335.94
Seconds:     2416.44
Seconds:     2416.23
Seconds:     2416.51
Seconds:     2416.63
Seconds:     2416.39
Seconds:     2416.58
Seconds:     2416.79
Seconds:     2416.79
Seconds:     2416.78
Seconds:     2416.76
Seconds:     2417
Seconds:     2416.91
Seconds:     2417.05
Seconds:     2417.12
Seconds:     2417.13
Seconds:     2417.14
Seconds:     2418.07
Seconds:     2418.1
Seconds:     2418.12
Seconds:     2418.33
Seconds:     2418.92
Seconds:     2418.95
Seconds:     2418.94
Seconds:     2418.99
Seconds:     2425.44
Seconds:     2425.35
Seconds:     2425.37
Seconds:     2425.35
Seconds:     2461.65
Seconds:     2461.7
Seconds:     2744.67
Seconds:     2744.76
Seconds:     2765.79
Seconds:     2765.83
Seconds:     2766.78
Seconds:     2766.14
Seconds:     2766.86
Seconds:     2766.98
Seconds:     2766.23
Seconds:     2766.24
Seconds:     2767.04
Seconds:     2767.04
Seconds:     2767.07
Seconds:     2766.47
Seconds:     2767.19
Seconds:     2767.24
Seconds:     2767.61
Seconds:     2767.65
Seconds:     2768.41
Seconds:     2768.72
Seconds:     2769.89
Seconds:     2769.85
Seconds:     2769.86
Seconds:     2776.26
Seconds:     2795.54
Seconds:     2810.4
Seconds:     2810.42
Seconds:     2810.42
Seconds:     2817.43
Seconds:     2817.42
Seconds:     3141.09
The min value of a call using a stochastic method is: 0.080039
The max value of a call using a stochastic method is: 10.4506
The min value of a put using a stochastic method is: 0.079539
The max value of a put using a stochastic method is: 5.57352
The min value of a call using the monte carlo method is: 0.0800322
The max value of a call using the monte carlo method is: 10.496
The min value of a put using the monte carlo method is: 0.0798167
The max value of a put using the monte carlo method is: 5.60164
Seconds:     3141.13
Seconds:     3141.14
Seconds:     3141.89
