Seconds:     1124.35
Seconds:     1124.32
Seconds:     1124.46
Seconds:     1124.4
Seconds:     1124.6
Seconds:     1124.64
Seconds:     1124.57
Seconds:     1124.67
Seconds:     1124.61
Seconds:     1124.97
Seconds:     1124.82
Seconds:     1124.89
Seconds:     1125
Seconds:     1125.14
Seconds:     1124.95
Seconds:     1125.09
Seconds:     1125.13
Seconds:     1125.07
Seconds:     1125.1
Seconds:     1125.15
Seconds:     1125.24
Seconds:     1125.17
Seconds:     1125.21
Seconds:     1125.39
Seconds:     1125.3
Seconds:     1125.42
Seconds:     1125.39
Seconds:     1125.45
Seconds:     1125.53
Seconds:     1125.49
Seconds:     1125.62
Seconds:     1125.54
Seconds:     1125.53
Seconds:     1125.69
Seconds:     1125.79
Seconds:     1125.73
Seconds:     1125.76
Seconds:     1125.84
Seconds:     1125.94
Seconds:     1125.99
Seconds:     1126.03
Seconds:     1126.02
Seconds:     1126.06
Seconds:     1126.16
Seconds:     1126.22
Seconds:     1126.22
Seconds:     1126.39
Seconds:     1126.42
Seconds:     1126.34
Seconds:     1126.34
Seconds:     1126.46
Seconds:     1126.49
Seconds:     1126.49
Seconds:     1126.51
Seconds:     1126.64
Seconds:     1126.59
Seconds:     1126.76
Seconds:     1126.58
Seconds:     1126.59
Seconds:     1126.65
Seconds:     1126.89
Seconds:     1126.85
Seconds:     1126.97
Seconds:     1126.94
Seconds:     1127.17
Seconds:     1127.19
Seconds:     1127.01
Seconds:     1127.07
Seconds:     1127.14
Seconds:     1127.3
Seconds:     1127.28
Seconds:     1127.5
Seconds:     1127.64
Seconds:     1127.15
Seconds:     1127.45
Seconds:     1127.5
Seconds:     1127.46
Seconds:     1127.3
Seconds:     1127.64
Seconds:     1127.7
Seconds:     1127.69
Seconds:     1127.7
Seconds:     1127.9
Seconds:     1127.91
Seconds:     1127.87
Seconds:     1127.53
Seconds:     1127.68
Seconds:     1127.71
Seconds:     1127.77
Seconds:     1128.34
Seconds:     1127.93
Seconds:     1127.93
Seconds:     1128.05
Seconds:     1128.07
Seconds:     1128.18
Seconds:     1128.22
Seconds:     1128.22
Seconds:     1128.21
Seconds:     1128.99
Seconds:     1128.92
Seconds:     1128.93
Seconds:     1128.85
Seconds:     1128.43
Seconds:     1128.46
Seconds:     1128.54
Seconds:     1128.52
Seconds:     1128.57
Seconds:     1129.43
Seconds:     1129.24
Seconds:     1129.37
Seconds:     1130.35
Seconds:     1130.33
Seconds:     1133.3
Seconds:     1134.8
Seconds:     1134.95
Seconds:     1135.05
Seconds:     1137.96
Seconds:     1140.82
Seconds:     1140.82
Seconds:     1143.1
Seconds:     1143.05
Seconds:     1143.17
Seconds:     1143.23
Seconds:     1143.37
Seconds:     1143.49
Seconds:     1143.43
Seconds:     1143.5
Seconds:     1143.63
Seconds:     1143.55
Seconds:     1145.14
Seconds:     1145.11
Seconds:     1146.25
Seconds:     1146.23
Seconds:     1146.31
Seconds:     1147.56
Seconds:     1147.56
Seconds:     1148.23
Seconds:     1148.09
Seconds:     1148.29
Seconds:     1148.14
Seconds:     1148.08
Seconds:     1148.12
Seconds:     1151.67
Seconds:     1151.75
Seconds:     1152.88
Seconds:     1152.8
Seconds:     1152.92
Seconds:     1152.9
Seconds:     1152.89
Seconds:     1152.91
Seconds:     1153.07
Seconds:     1153.64
Seconds:     1153.59
Seconds:     1153.55
Seconds:     1153.65
Using OpenMP and MPI the following values were obtained: 
The min value of a call using a stochastic method is: 0.080039
The max value of a call using a stochastic method is: 10.4506
The min value of a put using a stochastic method is: 0.079539
The max value of a put using a stochastic method is: 5.57352
The min value of a call using the monte carlo method is: 0.0798729
The max value of a call using the monte carlo method is: 10.4961
The min value of a put using the monte carlo method is: 0.0796378
The max value of a put using the monte carlo method is: 5.59913
Seconds:     1154.98
Seconds:     1154.98
Seconds:     1154.91
Seconds:     1154.9
Seconds:     1155.42
