Seconds:     23796.6
Seconds:     23798.3
Seconds:     23798.4
Seconds:     23798.6
Seconds:     23799.7
Seconds:     23800.4
Seconds:     23801.5
Seconds:     23801.5
Seconds:     23805.4
Seconds:     23808.3
Seconds:     23813.7
Seconds:     23813.7
Seconds:     23816
Seconds:     23816
Seconds:     23817.2
Seconds:     23819.3
Seconds:     23820
Seconds:     23821.1
Seconds:     23821.1
Seconds:     23821.7
Seconds:     23821.8
Seconds:     23821.8
Seconds:     23822.2
Seconds:     23822.2
Seconds:     23822.5
Seconds:     23824.9
Seconds:     23825.8
Seconds:     23825.8
Seconds:     23831.5
Seconds:     23833
Seconds:     23833
Seconds:     23859.8
Seconds:     23863.5
Seconds:     23897.1
Seconds:     23897.1
Seconds:     23897.1
Seconds:     23898.1
Seconds:     24013.3
Seconds:     24038.1
Seconds:     24109.7
Seconds:     24109.7
Seconds:     24110.4
Seconds:     24110.4
Seconds:     24199
Seconds:     24199
Seconds:     24199
Seconds:     24199
Seconds:     24199.3
Seconds:     24199.4
Seconds:     24199.4
Seconds:     24201
Seconds:     24201
Seconds:     24201
Seconds:     24201
Seconds:     24201.5
Seconds:     24201.5
Seconds:     24201.6
Seconds:     24201.5
Seconds:     24202.8
Seconds:     24202.8
Seconds:     24223.4
