Seconds:     44469.4
Seconds:     44476.5
Seconds:     44476.5
Seconds:     44477.3
Seconds:     44477.8
Seconds:     44478.3
Seconds:     44489.4
Seconds:     44489.3
Seconds:     44490.3
Seconds:     44490.7
Seconds:     44490.8
Seconds:     44490.9
Seconds:     44491.2
Seconds:     44504.6
Seconds:     44508.4
Seconds:     44508.5
Seconds:     44515.3
Seconds:     44524.5
Seconds:     44836
Seconds:     44836
Seconds:     44836.2
Seconds:     44836.3
Seconds:     44836.2
Seconds:     44839.7
Seconds:     44839.6
Seconds:     44839.6
Seconds:     44839.7
Seconds:     45282
The min value of a call using a stochastic method is: 0.080039
The max value of a call using a stochastic method is: 10.4506
The min value of a put using a stochastic method is: 0.079539
The max value of a put using a stochastic method is: 5.57352
The min value of a call using the monte carlo method is: 0.0798596
The max value of a call using the monte carlo method is: 10.4955
The min value of a put using the monte carlo method is: 0.0793646
The max value of a put using the monte carlo method is: 5.60647
Seconds:     45463.3
Seconds:     45463.3
Seconds:     45463.3
Seconds:     45463.3
