Seconds:     2781.22
Seconds:     2781.29
Seconds:     2781.47
Seconds:     2781.27
Seconds:     2781.31
Seconds:     2781.46
Seconds:     2781.36
Seconds:     2781.62
Seconds:     2781.58
Seconds:     2781.64
Seconds:     2782.06
Seconds:     2782.24
Seconds:     2782.44
Seconds:     2782.57
Seconds:     2782.77
Seconds:     2782.98
Seconds:     2783.27
Seconds:     2783.25
Seconds:     2783.33
Seconds:     2783.39
Seconds:     2783.4
Seconds:     2783.5
Seconds:     2783.37
Seconds:     2783.59
Seconds:     2783.59
Seconds:     2783.61
Seconds:     2783.54
Seconds:     2783.58
Seconds:     2783.59
Seconds:     2783.45
Seconds:     2783.61
Seconds:     2783.48
Seconds:     2783.65
Seconds:     2783.74
Seconds:     2783.66
Seconds:     2783.83
Seconds:     2783.79
Seconds:     2783.79
Seconds:     2783.87
Seconds:     2783.87
Seconds:     2783.93
Seconds:     2784.08
Seconds:     2784.05
Seconds:     2784.04
Seconds:     2784.03
Seconds:     2783.93
Seconds:     2783.94
Seconds:     2784.11
Seconds:     2784.08
Seconds:     2784.1
Seconds:     2784.02
Seconds:     2784
Seconds:     2783.98
Seconds:     2784.17
Seconds:     2784
Seconds:     2784.07
Seconds:     2784.14
Seconds:     2784.06
Seconds:     2784.26
Seconds:     2784.36
Seconds:     2784.36
Seconds:     2784.4
Seconds:     2784.49
Seconds:     2784.46
Seconds:     2784.63
Seconds:     2784.81
Seconds:     2784.86
Seconds:     2784.84
Seconds:     2784.64
Seconds:     2785
Seconds:     2785.08
Seconds:     2785.06
Seconds:     2785.11
Seconds:     2785.28
Seconds:     2785.26
Seconds:     2785.36
Seconds:     2785.32
Seconds:     2785.33
Seconds:     2785.4
Seconds:     2785.48
Seconds:     2785.38
Seconds:     2785.47
Seconds:     2785.32
Seconds:     2785.36
Seconds:     2785.65
Seconds:     2786.22
Seconds:     2786.19
Seconds:     2786.14
Seconds:     2786.53
Seconds:     2786.51
Seconds:     2786.69
Seconds:     2786.61
Seconds:     2786.74
Seconds:     2787.08
Seconds:     2787.84
Seconds:     2788.38
Seconds:     2803.68
Seconds:     2804.28
Seconds:     2804.39
Seconds:     2804.5
Seconds:     2805.98
Seconds:     2806.55
Seconds:     2815.36
Seconds:     2815.38
Seconds:     2815.37
Seconds:     2815.56
Seconds:     2815.59
Seconds:     2815.68
Seconds:     2815.58
Seconds:     2816.98
Seconds:     2817.12
Seconds:     2817.11
Seconds:     2817.12
Seconds:     2817.18
Seconds:     2817.45
Seconds:     2817.4
Seconds:     2817.93
Seconds:     2818.29
Seconds:     2843.2
Seconds:     2843.34
Seconds:     2843.19
Seconds:     2843.74
Seconds:     2845.73
Seconds:     2845.83
Seconds:     2846.9
The min value of a call using a stochastic method is: 0.080039
The max value of a call using a stochastic method is: 10.4506
The min value of a put using a stochastic method is: 0.079539
The max value of a put using a stochastic method is: 5.57352
The min value of a call using the monte carlo method is: 0.0799452
The max value of a call using the monte carlo method is: 10.4997
The min value of a put using the monte carlo method is: 0.0795947
The max value of a put using the monte carlo method is: 5.60435
Seconds:     2846.74
Seconds:     2846.87
Seconds:     2846.92
