Seconds:     11223.5
Seconds:     11223.8
Seconds:     11223.8
Seconds:     11223.8
Seconds:     11223.9
Seconds:     11223.9
Seconds:     11224.4
Seconds:     11224.4
Seconds:     11224.9
Seconds:     11224.9
Seconds:     11225.3
Seconds:     11225.4
Seconds:     11225.6
Seconds:     11225.6
Seconds:     11225.8
Seconds:     11226
Seconds:     11225.9
Seconds:     11226.1
Seconds:     11226.9
Seconds:     11226.7
Seconds:     11227.4
Seconds:     11227.4
Seconds:     11227.5
Seconds:     11226.9
Seconds:     11227.8
Seconds:     11227.7
Seconds:     11228
Seconds:     11227.9
Seconds:     11228.1
Seconds:     11228.1
Seconds:     11228.1
Seconds:     11228.5
Seconds:     11228.9
Seconds:     11229
Seconds:     11229.4
Seconds:     11229.6
Seconds:     11229.6
Seconds:     11229.5
Seconds:     11229.2
Seconds:     11229.4
Seconds:     11230.4
Seconds:     11230.3
Seconds:     11230.4
Seconds:     11230.8
Seconds:     11230.9
Seconds:     11231.2
Seconds:     11231.2
Seconds:     11231.4
Seconds:     11231.4
Seconds:     11231.7
Seconds:     11231.7
Seconds:     11232.2
Seconds:     11232.2
Seconds:     11232.4
Seconds:     11232.4
Seconds:     11232.7
Seconds:     11232.6
Seconds:     11233.6
Seconds:     11233.7
Seconds:     11235
Seconds:     11235.1
Seconds:     11235
Seconds:     11234.8
Seconds:     11235.8
Seconds:     11237
Seconds:     11237.1
Seconds:     11237.8
Seconds:     11241.9
Seconds:     11245.6
Seconds:     11245.6
Seconds:     11245.6
Seconds:     11245.6
Seconds:     11249
Seconds:     11249
Seconds:     11249.9
Seconds:     11249.9
Seconds:     11250.1
Seconds:     11250.1
Seconds:     11250.8
Seconds:     11251.1
Seconds:     11251.2
Seconds:     11252
Seconds:     11252
Seconds:     11251.9
Seconds:     11253.1
Seconds:     11254.6
Seconds:     11298.2
Seconds:     11339.5
Seconds:     11339.5
Seconds:     11340.2
Seconds:     11340.4
Seconds:     11341.2
Seconds:     11341.2
Seconds:     11389.5
Seconds:     11390.9
Seconds:     11390.8
Seconds:     11390.9
Seconds:     11391.8
Seconds:     11391.7
Seconds:     11398.4
Seconds:     11398.3
Seconds:     11398.4
Seconds:     11398.4
Seconds:     11404.5
Seconds:     11431.1
Seconds:     11432.5
Seconds:     11432.4
Seconds:     11432.4
Seconds:     11432.5
Seconds:     11433
Seconds:     11433.4
Seconds:     11438.1
Seconds:     11438
Seconds:     11498.2
Seconds:     11498.2
Seconds:     11498.2
Seconds:     11500.1
Seconds:     11500.1
Seconds:     11500
Seconds:     11500.2
Seconds:     11501.1
Seconds:     11501.1
Seconds:     11501.1
Seconds:     11505.4
Seconds:     11505.4
Using OpenMP and MPI the following values were obtained: 
The min value of a call using a stochastic method is: 0.080039
The max value of a call using a stochastic method is: 10.4506
The min value of a put using a stochastic method is: 0.079539
The max value of a put using a stochastic method is: 5.57352
The min value of a call using the monte carlo method is: 0.0797836
The max value of a call using the monte carlo method is: 10.5068
The min value of a put using the monte carlo method is: 0.07944
The max value of a put using the monte carlo method is: 5.60942
Seconds:     11512.7
Seconds:     11512.7
Seconds:     11512
