Seconds:     3464.23
Seconds:     3464.61
Seconds:     3464.6
Seconds:     3464.83
Seconds:     3464.79
Seconds:     3464.83
Seconds:     3465.03
Seconds:     3465.29
Seconds:     3465.32
Seconds:     3465.64
Seconds:     3465.55
Seconds:     3465.36
Seconds:     3465.54
Seconds:     3465.62
Seconds:     3465.62
Seconds:     3465.47
Seconds:     3465.91
Seconds:     3465.89
Seconds:     3465.74
Seconds:     3466.08
Seconds:     3465.95
Seconds:     3466.27
Seconds:     3466.16
Seconds:     3466.35
Seconds:     3466.29
Seconds:     3466.08
Seconds:     3466.09
Seconds:     3466.6
Seconds:     3466.38
Seconds:     3466.27
Seconds:     3466.65
Seconds:     3466.58
Seconds:     3466.73
Seconds:     3467.01
Seconds:     3466.73
Seconds:     3466.85
Seconds:     3466.9
Seconds:     3467.14
Seconds:     3467.17
Seconds:     3467.2
Seconds:     3467.07
Seconds:     3467.61
Seconds:     3467.37
Seconds:     3467.47
Seconds:     3467.57
Seconds:     3467.74
Seconds:     3467.85
Seconds:     3467.66
Seconds:     3467.77
Seconds:     3467.8
Seconds:     3467.76
Seconds:     3467.94
Seconds:     3467.97
Seconds:     3468.17
Seconds:     3468.37
Seconds:     3468.05
Seconds:     3468.06
Seconds:     3468.11
Seconds:     3468.18
Seconds:     3468.18
Seconds:     3468.26
Seconds:     3468.32
Seconds:     3468.55
Seconds:     3468.68
Seconds:     3468.9
Seconds:     3468.73
Seconds:     3468.9
Seconds:     3468.97
Seconds:     3468.75
Seconds:     3468.97
Seconds:     3469.26
Seconds:     3469.1
Seconds:     3469.3
Seconds:     3469.43
Seconds:     3469.48
Seconds:     3469.65
Seconds:     3469.69
Seconds:     3469.95
Seconds:     3469.84
Seconds:     3469.75
Seconds:     3469.99
Seconds:     3469.99
Seconds:     3470.14
Seconds:     3470.62
Seconds:     3472.38
Seconds:     3472.57
Seconds:     3476.68
Seconds:     3476.87
Seconds:     3477.78
Seconds:     3477.61
Seconds:     3478.28
Seconds:     3479.01
Seconds:     3479.18
Seconds:     3479.1
Seconds:     3479.4
Seconds:     3479.43
Seconds:     3493.53
Seconds:     3498.87
Seconds:     3498.87
Seconds:     3499.88
Seconds:     3507.56
Seconds:     3517.99
Seconds:     3518.42
Seconds:     3518.15
Seconds:     3520.77
Seconds:     3520.79
Seconds:     3521.32
Seconds:     3521.13
Seconds:     3521.12
Seconds:     3521.11
Seconds:     3521.1
Seconds:     3527.78
Seconds:     3527.62
Seconds:     3527.98
Seconds:     3527.97
Seconds:     3528.18
Seconds:     3528.26
Seconds:     3528.08
Seconds:     3528.05
Seconds:     3528.15
Seconds:     3528.93
Seconds:     3935.8
Seconds:     3935.99
Seconds:     3936.03
Seconds:     3937.89
The min value of a call using a stochastic method is: 0.080039
The max value of a call using a stochastic method is: 10.4506
The min value of a put using a stochastic method is: 0.079539
The max value of a put using a stochastic method is: 5.57352
The min value of a call using the monte carlo method is: 0.0801637
The max value of a call using the monte carlo method is: 10.4997
The min value of a put using the monte carlo method is: 0.0795409
The max value of a put using the monte carlo method is: 5.60435
Seconds:     3950.51
Seconds:     3950.52
Seconds:     3950.53
