Seconds:     55399
Seconds:     55402.1
Seconds:     55403.5
Seconds:     55403.5
Seconds:     55405.1
Seconds:     55406.6
Seconds:     55406.7
Seconds:     55410.7
Seconds:     55425.1
Seconds:     55431
Seconds:     55435.2
Seconds:     55444.4
Seconds:     55555.5
Seconds:     55555.4
Seconds:     55569.9
Seconds:     55610.6
Seconds:     55610.5
Seconds:     55611.2
Seconds:     55613
Seconds:     55613
Seconds:     55613.1
Seconds:     55613.1
Seconds:     55613.1
Seconds:     55764.7
Seconds:     55827.7
Seconds:     55827.7
Seconds:     55942.3
Seconds:     55942.4
Seconds:     55943.9
Seconds:     55943.9
