Seconds:     5561.74
Seconds:     5561.81
Seconds:     5561.8
Seconds:     5561.91
Seconds:     5561.96
Seconds:     5561.99
Seconds:     5562.08
Seconds:     5562.13
Seconds:     5562.18
Seconds:     5562.77
Seconds:     5562.88
Seconds:     5562.93
Seconds:     5563.36
Seconds:     5563.32
Seconds:     5563.26
Seconds:     5563.32
Seconds:     5563.39
Seconds:     5563.59
Seconds:     5563.37
Seconds:     5563.42
Seconds:     5563.68
Seconds:     5563.63
Seconds:     5563.83
Seconds:     5563.84
Seconds:     5563.54
Seconds:     5563.68
Seconds:     5563.67
Seconds:     5563.83
Seconds:     5563.83
Seconds:     5563.7
Seconds:     5563.96
Seconds:     5564.35
Seconds:     5564.26
Seconds:     5564.3
Seconds:     5564.29
Seconds:     5564.4
Seconds:     5564.31
Seconds:     5564.29
Seconds:     5564.29
Seconds:     5564.5
Seconds:     5564.5
Seconds:     5564.36
Seconds:     5564.32
Seconds:     5564.59
Seconds:     5564.38
Seconds:     5564.54
Seconds:     5564.39
Seconds:     5564.9
Seconds:     5564.76
Seconds:     5565.09
Seconds:     5565.24
Seconds:     5565.48
Seconds:     5565.45
Seconds:     5565.86
Seconds:     5565.84
Seconds:     5565.73
Seconds:     5565.75
Seconds:     5565.69
Seconds:     5565.7
Seconds:     5565.68
Seconds:     5565.73
Seconds:     5565.72
Seconds:     5565.87
Seconds:     5565.65
Seconds:     5565.93
Seconds:     5565.89
Seconds:     5565.82
Seconds:     5566.01
Seconds:     5566.14
Seconds:     5566.08
Seconds:     5566.2
Seconds:     5566.35
Seconds:     5566.19
Seconds:     5566.29
Seconds:     5566.26
Seconds:     5566.78
Seconds:     5566.75
Seconds:     5566.75
Seconds:     5566.79
Seconds:     5566.74
Seconds:     5566.8
Seconds:     5567.18
Seconds:     5567.29
Seconds:     5567.32
Seconds:     5567.32
Seconds:     5567.74
Seconds:     5567.66
Seconds:     5568
Seconds:     5568.69
Seconds:     5571.88
Seconds:     5571.87
Seconds:     5571.84
Seconds:     5572.41
Seconds:     5572.34
Seconds:     5572.34
Seconds:     5573.33
Seconds:     5573.74
Seconds:     5573.75
Seconds:     5573.8
Seconds:     5574.04
Seconds:     5574.08
Seconds:     5573.96
Seconds:     5579.24
Seconds:     5579.23
Seconds:     5598.35
Seconds:     5598.48
Seconds:     5598.35
Seconds:     5598.37
Seconds:     5607.96
Seconds:     5608.02
Seconds:     5607.96
Seconds:     5607.98
Seconds:     5609.2
Seconds:     5609.06
Seconds:     5609.89
Seconds:     5609.88
Seconds:     5615.49
Seconds:     5628.52
Seconds:     5628.57
Seconds:     5628.6
Seconds:     5629.74
Seconds:     5629.69
Seconds:     5629.83
Seconds:     5629.99
Seconds:     5688.53
Seconds:     5688.59
The min value of a call using a stochastic method is: 0.080039
The max value of a call using a stochastic method is: 10.4506
The min value of a put using a stochastic method is: 0.079539
The max value of a put using a stochastic method is: 5.57352
The min value of a call using the monte carlo method is: 0.0800735
The max value of a call using the monte carlo method is: 10.5124
The min value of a put using the monte carlo method is: 0.079473
The max value of a put using the monte carlo method is: 5.60544
Seconds:     5689.54
Seconds:     5689.58
