Seconds:     23797.1
Seconds:     23798.9
Seconds:     23811.9
Seconds:     23816.6
Seconds:     23818.1
Seconds:     23819.3
Seconds:     23819.3
Seconds:     23820.3
Seconds:     23822.1
Seconds:     23822.2
Seconds:     23822.4
Seconds:     23822.4
The min value of a call using a stochastic method is: 0.080039
The max value of a call using a stochastic method is: 10.4506
The min value of a put using a stochastic method is: 0.079539
The max value of a put using a stochastic method is: 5.57352
The min value of a call using the monte carlo method is: 0.0800373
The max value of a call using the monte carlo method is: 10.5001
The min value of a put using the monte carlo method is: 0.0795291
The max value of a put using the monte carlo method is: 5.60098
Seconds:     24199.6
Seconds:     24199.7
Seconds:     24199.7
Seconds:     24199.7
