Seconds:     5571.48
Seconds:     5570.92
Seconds:     5570.98
Seconds:     5571.75
Seconds:     5571.14
Seconds:     5571.98
Seconds:     5571.14
Seconds:     5571.28
Seconds:     5571.44
Seconds:     5571.51
Seconds:     5571.72
Seconds:     5572.04
Seconds:     5572.78
Seconds:     5573.09
Seconds:     5573.29
Seconds:     5573.48
Seconds:     5573.65
Seconds:     5573.68
Seconds:     5572.99
Seconds:     5573.94
Seconds:     5573.48
Seconds:     5574.82
Seconds:     5574.86
Seconds:     5574.91
Seconds:     5574.21
Seconds:     5574.2
Seconds:     5574.19
Seconds:     5575.06
Seconds:     5575.19
Seconds:     5575.27
Seconds:     5576.31
Seconds:     5578.74
Seconds:     5579.69
Seconds:     5579.63
Seconds:     5579.11
Seconds:     5579.13
Seconds:     5621.49
Seconds:     5621.4
Seconds:     5621.77
Seconds:     5621.8
Seconds:     5621.77
Seconds:     5635.46
Seconds:     5635.48
Seconds:     5636.07
Seconds:     5636.09
Seconds:     5636.17
Seconds:     5656.58
Seconds:     5656.64
Seconds:     5658.46
Seconds:     5658.55
Seconds:     5658.47
Seconds:     5658.49
Seconds:     5658.78
Seconds:     5658.79
Seconds:     5660.75
Seconds:     5660.74
Seconds:     5661.57
Seconds:     5662.47
Seconds:     5664.43
Seconds:     6946.48
Seconds:     6946.58
The min value of a call using a stochastic method is: 0.080039
The max value of a call using a stochastic method is: 10.4506
The min value of a put using a stochastic method is: 0.079539
The max value of a put using a stochastic method is: 5.57352
The min value of a call using the monte carlo method is: 0.0801931
The max value of a call using the monte carlo method is: 10.5106
The min value of a put using the monte carlo method is: 0.0793337
The max value of a put using the monte carlo method is: 5.6034
Seconds:     6946.56
Seconds:     6945.69
Seconds:     6946.38
