Seconds:     11144.6
Seconds:     11144.7
Seconds:     11144.7
Seconds:     11143.8
Seconds:     11145.1
Seconds:     11144.1
Seconds:     11144.1
Seconds:     11145.2
Seconds:     11144.2
Seconds:     11145.6
Seconds:     11145.7
Seconds:     11144.6
Seconds:     11145.8
Seconds:     11144.8
Seconds:     11144.9
Seconds:     11145.9
Seconds:     11146.3
Seconds:     11146.4
Seconds:     11146.8
Seconds:     11145.9
Seconds:     11147.3
Seconds:     11145.5
Seconds:     11146
Seconds:     11146
Seconds:     11146
Seconds:     11146.1
Seconds:     11148
Seconds:     11147.9
Seconds:     11146.9
Seconds:     11146.3
Seconds:     11146.3
Seconds:     11146.5
Seconds:     11148.5
Seconds:     11148.5
Seconds:     11148.5
Seconds:     11149.1
Seconds:     11147.3
Seconds:     11149.1
Seconds:     11149.1
Seconds:     11149.1
Seconds:     11149.2
Seconds:     11149.2
Seconds:     11148.3
Seconds:     11149.4
Seconds:     11149.6
Seconds:     11149.6
Seconds:     11149.5
Seconds:     11148.1
Seconds:     11148.8
Seconds:     11148.7
Seconds:     11148.7
Seconds:     11150.5
Seconds:     11148.8
Seconds:     11148.9
Seconds:     11150.7
Seconds:     11150.7
Seconds:     11149
Seconds:     11150.9
Seconds:     11150.9
Seconds:     11149.3
Seconds:     11149.3
Seconds:     11151.9
Seconds:     11150.4
Seconds:     11150.7
Seconds:     11150.7
Seconds:     11150.8
Seconds:     11150.8
Seconds:     11153.6
Seconds:     11154.9
Seconds:     11159
Seconds:     11159.7
Seconds:     11160.6
Seconds:     11160.6
Seconds:     11244.9
Seconds:     11245
Seconds:     11244.9
Seconds:     11246.2
Seconds:     11246.1
Seconds:     11257.8
Seconds:     11275.3
Seconds:     11276.8
Seconds:     11313
Seconds:     11313.5
Seconds:     11313.3
Seconds:     11313.3
Seconds:     11317.6
Seconds:     11317.6
Seconds:     11317.6
Seconds:     11318.1
Seconds:     11318.1
Seconds:     11319.2
Seconds:     11319.2
Seconds:     11320.7
Seconds:     11320.8
Seconds:     11320.9
Seconds:     11319.7
Seconds:     11321.7
Seconds:     11325.4
Seconds:     11325.5
Seconds:     11327
Seconds:     11327
Seconds:     11327.2
Seconds:     11338.5
Seconds:     13855.9
Seconds:     13857.4
Seconds:     13862.8
Seconds:     13863
Seconds:     13863.1
Seconds:     13863.9
Seconds:     13866.4
Seconds:     13866.5
Seconds:     13866.5
Seconds:     13871.6
Seconds:     13871.5
Seconds:     13890.1
Seconds:     13890
Seconds:     13890.1
Seconds:     13890.4
Seconds:     13889.2
Seconds:     13990.7
Seconds:     13999.8
Seconds:     13999.7
Seconds:     13999.7
Seconds:     15075.8
Seconds:     15075.7
The min value of a call using a stochastic method is: 0.080039
The max value of a call using a stochastic method is: 10.4506
The min value of a put using a stochastic method is: 0.079539
The max value of a put using a stochastic method is: 5.57352
The min value of a call using the monte carlo method is: 0.0799241
The max value of a call using the monte carlo method is: 10.5085
The min value of a put using the monte carlo method is: 0.0793699
The max value of a put using the monte carlo method is: 5.6085
Seconds:     15075.7
Seconds:     15077.5
Seconds:     15077.4
