Seconds:     5951.67
Seconds:     5952.22
Seconds:     5952.07
Seconds:     5952.61
Seconds:     5952.34
Seconds:     5952.45
Seconds:     5954.27
Seconds:     5952.88
Seconds:     5952.98
Seconds:     5954.46
Seconds:     5954.39
Seconds:     5954.39
Seconds:     5953.16
Seconds:     5953.16
Seconds:     5954.83
Seconds:     5953.69
Seconds:     5953.79
Seconds:     5955.29
Seconds:     5955.42
Seconds:     5955.7
Seconds:     5954.55
Seconds:     5955.91
Seconds:     5955.87
Seconds:     5956.04
Seconds:     5955.09
Seconds:     5955.22
Seconds:     5955.15
Seconds:     5955.22
Seconds:     5955.59
Seconds:     5955.96
Seconds:     5955.88
Seconds:     5956.2
Seconds:     5956.03
Seconds:     5956
Seconds:     5956.89
Seconds:     5956.96
Seconds:     5957.07
Seconds:     5957.07
Seconds:     5957.15
Seconds:     5957.27
Seconds:     5957.37
Seconds:     5957.84
Seconds:     5957.64
Seconds:     5957.67
Seconds:     5958.17
Seconds:     5958.33
Seconds:     5958.65
Seconds:     5958.72
Seconds:     5958.69
Seconds:     5958.82
Seconds:     5959.01
Seconds:     5959.05
Seconds:     5959.29
Seconds:     5960.55
Seconds:     5960.51
Seconds:     5959.46
Seconds:     5960.84
Seconds:     5959.55
Seconds:     5960.28
Seconds:     5960.76
Seconds:     5960.71
Seconds:     5960.72
Seconds:     5960.51
Seconds:     5960.73
Seconds:     5962.78
Seconds:     5963.05
Seconds:     5961.79
Seconds:     5962.39
Seconds:     5963.91
Seconds:     5969.81
Seconds:     5976.22
Seconds:     5976.49
Seconds:     5976.78
Seconds:     5976.91
Seconds:     5976.78
Seconds:     5976.76
Seconds:     5978.5
Seconds:     5978.67
Seconds:     5980.28
Seconds:     5980.31
Seconds:     6005.59
Seconds:     6005.59
Seconds:     6005.68
Seconds:     6005.57
Seconds:     6009.77
Seconds:     6009.77
Seconds:     6009.76
Seconds:     6009.84
Seconds:     6009.48
Seconds:     6009.48
Seconds:     6009.5
Seconds:     6012.23
Seconds:     6012.28
Seconds:     6029.31
Seconds:     6029.3
Seconds:     6029.3
Seconds:     6030.24
Seconds:     6030.23
Seconds:     6052.72
Seconds:     6052.94
Seconds:     6052.95
Seconds:     6053.07
Seconds:     6053.07
Seconds:     6053.04
Seconds:     6053.13
Seconds:     6053.33
Seconds:     6053.37
Seconds:     6053.29
Seconds:     6053.33
Seconds:     6053.56
Seconds:     6055.02
Seconds:     6055.91
Seconds:     6055.94
Seconds:     6055.94
Seconds:     7156.35
Seconds:     7156.33
Seconds:     7159.46
Seconds:     7159.46
Seconds:     7159.46
Seconds:     7159.49
Seconds:     7158.36
Seconds:     7158.14
Seconds:     7160.21
Seconds:     7160.13
Seconds:     7160.16
Seconds:     7160.23
The min value of a call using a stochastic method is: 0.080039
The max value of a call using a stochastic method is: 10.4506
The min value of a put using a stochastic method is: 0.079539
The max value of a put using a stochastic method is: 5.57352
The min value of a call using the monte carlo method is: 0.0798474
The max value of a call using the monte carlo method is: 10.5124
The min value of a put using the monte carlo method is: 0.0794135
The max value of a put using the monte carlo method is: 5.60544
Seconds:     7168.74
Seconds:     7168.74
