Seconds:     11141.3
Seconds:     11142.5
Seconds:     11142.6
Seconds:     11142.9
Seconds:     11143.1
Seconds:     11143.5
Seconds:     11143.6
Seconds:     11143.8
Seconds:     11144.3
Seconds:     11144.3
Seconds:     11144.7
Seconds:     11144.7
Seconds:     11145.8
Seconds:     11147.5
Seconds:     11147.6
Seconds:     11147.5
Seconds:     11148.6
Seconds:     11158.9
Seconds:     11158.9
Seconds:     11242.7
Seconds:     11271
Seconds:     11271
Seconds:     11318.2
Seconds:     13883.4
Seconds:     13883.4
Seconds:     13883.5
Seconds:     13883.5
Seconds:     13883.4
The min value of a call using a stochastic method is: 0.080039
The max value of a call using a stochastic method is: 10.4506
The min value of a put using a stochastic method is: 0.079539
The max value of a put using a stochastic method is: 5.57352
The min value of a call using the monte carlo method is: 0.0801233
The max value of a call using the monte carlo method is: 10.5083
The min value of a put using the monte carlo method is: 0.0797987
The max value of a put using the monte carlo method is: 5.60432
Seconds:     13886.1
Seconds:     13886.1
Seconds:     13886.1
Seconds:     13886.1
